Build started 12/11/2014 21:53:19.
     1>Project "D:\Projetos Famec\Capacete Neural\SVN Google Code\Emotiv\src\Teclado Neural\Oficiais\Teclado_Virtual_Neural\Teclado_Virtual_Neural\Teclado_Virtual_Neural.vcxproj" on node 2 (build target(s)).
     1>InitializeBuildStatus:
         Creating "Debug\Teclado_Virtual_Neural.unsuccessfulbuild" because "AlwaysCreate" was specified.
       GenerateTargetFrameworkMonikerAttribute:
       Skipping target "GenerateTargetFrameworkMonikerAttribute" because all output files are up-to-date with respect to the input files.
       ClCompile:
         All outputs are up-to-date.
         C:\Program Files (x86)\Microsoft Visual Studio 10.0\VC\bin\CL.exe /c /AI"C:\Program Files (x86)\Reference Assemblies\Microsoft\Framework\.NETFramework\v4.0" /Zi /clr /nologo /W3 /WX- /Od /Oy- /D WIN32 /D _DEBUG /D _UNICODE /D UNICODE /EHa /MDd /GS /fp:precise /Zc:wchar_t /Zc:forScope /Yu"StdAfx.h" /Fp"Debug\Teclado_Virtual_Neural.pch" /Fo"Debug\\" /Fd"Debug\vc100.pdb" /TP /FU"C:\Program Files (x86)\Reference Assemblies\Microsoft\Framework\.NETFramework\v4.0\System.Core.dll" /FU"C:\Program Files (x86)\Reference Assemblies\Microsoft\Framework\.NETFramework\v4.0\System.Data.dll" /FU"C:\Program Files (x86)\Reference Assemblies\Microsoft\Framework\.NETFramework\v4.0\System.dll" /FU"C:\Program Files (x86)\Reference Assemblies\Microsoft\Framework\.NETFramework\v4.0\System.Drawing.dll" /FU"C:\Program Files (x86)\Reference Assemblies\Microsoft\Framework\.NETFramework\v4.0\System.Windows.Forms.dll" /FU"C:\Program Files (x86)\Reference Assemblies\Microsoft\Framework\.NETFramework\v4.0\System.Xml.dll" /analyze- /errorReport:prompt Teclado_Virtual_Neural.cpp /clr:nostdlib 
         Teclado_Virtual_Neural.cpp
         All outputs are up-to-date.
       CoreResGen:
         No resources are out of date with respect to their source files. Skipping resource generation.
       ResourceCompile:
         All outputs are up-to-date.
       Link:
         C:\Program Files (x86)\Microsoft Visual Studio 10.0\VC\bin\link.exe /ERRORREPORT:PROMPT /OUT:"D:\Projetos Famec\Capacete Neural\SVN Google Code\Emotiv\src\Teclado Neural\Oficiais\Teclado_Virtual_Neural\Debug\Teclado_Virtual_Neural.exe" /INCREMENTAL /NOLOGO /ASSEMBLYRESOURCE:Debug\Teclado_Virtual_Neural.Form1.resources /MANIFEST /ManifestFile:"Debug\Teclado_Virtual_Neural.exe.intermediate.manifest" /MANIFESTUAC:"level='asInvoker' uiAccess='false'" /DEBUG /PDB:"D:\Projetos Famec\Capacete Neural\SVN Google Code\Emotiv\src\Teclado Neural\Oficiais\Teclado_Virtual_Neural\Debug\Teclado_Virtual_Neural.pdb" /ASSEMBLYDEBUG /SUBSYSTEM:WINDOWS /TLBID:1 /ENTRY:"main" /DYNAMICBASE /FIXED:NO /NXCOMPAT /MACHINE:X86 Debug\app.res
         Debug\AssemblyInfo.obj
         Debug\stdafx.obj
         Debug\Teclado_Virtual_Neural.obj
         "Debug\.NETFramework,Version=v4.0.AssemblyAttributes.obj"
         "C:\Program Files (x86)\Emotiv Development Kit_v1.0.0.3\doc\examples\lib\edk.lib"
         Teclado_Virtual_Neural.vcxproj -> D:\Projetos Famec\Capacete Neural\SVN Google Code\Emotiv\src\Teclado Neural\Oficiais\Teclado_Virtual_Neural\Debug\Teclado_Virtual_Neural.exe
       Manifest:
         C:\Program Files (x86)\Microsoft SDKs\Windows\v7.0A\bin\mt.exe /nologo /verbose /outputresource:"D:\Projetos Famec\Capacete Neural\SVN Google Code\Emotiv\src\Teclado Neural\Oficiais\Teclado_Virtual_Neural\Debug\Teclado_Virtual_Neural.exe;#1" /manifest Debug\Teclado_Virtual_Neural.exe.intermediate.manifest
       FinalizeBuildStatus:
         Deleting file "Debug\Teclado_Virtual_Neural.unsuccessfulbuild".
         Touching "Debug\Teclado_Virtual_Neural.lastbuildstate".
     1>Done Building Project "D:\Projetos Famec\Capacete Neural\SVN Google Code\Emotiv\src\Teclado Neural\Oficiais\Teclado_Virtual_Neural\Teclado_Virtual_Neural\Teclado_Virtual_Neural.vcxproj" (build target(s)).

Build succeeded.

Time Elapsed 00:00:01.40
